abook
acpi
alacritty
alsa-utils
anytype-bin
arandr
aria2
ark
asdf-vm
atool
base
base-devel
bat
betterlockscreen
bind
blueman
bluez
bluez-qt5
bluez-utils
bridge-utils
brightnessctl
btop
buf
calibre
chezmoi
chntpw
cliphist
clipmenu
cmake
code
cronie
dasel
dbeaver
deno
dmenu
dnsmasq
docker
docker-compose
dolphin
dosfstools
downgrade
dunst
edk2-ovmf
efibootmgr
eslint_d
exfat-utils
eza
fcitx5
fcitx5-configtool
fcitx5-gtk
fcitx5-mozc
fcitx5-nord
fcitx5-qt
fd
ffmpeg
ffmpegthumbnailer
ffmpegthumbs
firefox
fzf
gfold
gimp
git
glow
gnome-keyring
google-chrome
gping
grimblast-git
gsimplecal
gst-plugin-pipewire
gtk-theme-switch2
gtt-bin
hadolint-bin
htop
hypridle
hyprland
hyprpicker
hyprshade
imagemagick
intel-media-driver
intel-ucode
iptables-nft
isync
jc
jcryptool
jdk
jq
jtbl
kde-cli-tools
kitty
kservice5
kubectl
kvantum
lazydocker
lazygit
libconfig
libnotify
libreoffice-fresh
libva-intel-driver
lightdm-gtk-greeter-settings
lightdm-webkit2-greeter
linux-firmware
linux-zen
lnav
logseq-desktop-bin
lxappearance-obconf
lxrandr-gtk3
lxsession
maim
man-db
mediainfo
mesa
mesa-utils
meson
mpc
mpd
mpv
msmtp
mutt-wizard
ncdu
ncmpcpp
neofetch
neomutt
network-manager-applet
networkmanager
networkmanager-openconnect
newsboat
nginx
ninja
nordic-theme-git
notmuch
noto-fonts
noto-fonts-cjk
noto-fonts-emoji
noto-fonts-extra
nsxiv
ntfs-3g
nwg-displays
nwg-look
obmenu-generator
obs-studio
obsidian
openbooks-bin
openbox
openbsd-netcat
openssh
pacman-contrib
pamixer
pandoc-cli
papirus-nord
parallel
paru
pass
pavucontrol
pdfarranger-git
peco
perl-file-mimeinfo
pipewire
pipewire-alsa
pipewire-audio
pipewire-jack
pipewire-pulse
plank
playerctl
pokemon-colorscripts-git
polkit-kde-agent
polybar
poppler
postgresql-libs
protonup-git
pulseaudio
pulseaudio-alsa
pulseaudio-bluetooth
puppet
python-magic
python-pip
python-pipx
python-pyamdgpuinfo
qbittorrent
qemu-base
qemu-emulators-full
qt5-graphicaleffects
qt5-imageformats
qt5-quickcontrols
qt5-quickcontrols2
qt5-styleplugins
qt5-wayland
qt5ct
qt6-wayland
qt6ct
qt6gtk2
qutebrowser
rclone
redis
ripgrep
rmlint
rnote
rofi
rofi-lbonn-wayland-git
rofi-pass-git
rsync
screenkey
sddm
seahorse
shellcheck
shfmt
simple-mtpfs
sioyek
slop
slurp
spicetify-cli
spotify
sshfs
stylua
swappy
swaylock-effects-git
swww
sxiv
taskwarrior-tui
teams-for-linux
telegram-desktop
texlive-basic
texlive-bibtexextra
texlive-binextra
texlive-fontsextra
texlive-formatsextra
texlive-games
texlive-humanities
texlive-latexextra
texlive-mathscience
texlive-music
texlive-pictures
texlive-pstricks
texlive-publishers
thunar
thunderbird
tidy
timetrace-bin
tint2
tldr
tmux
tmuxp
tree-sitter
ttf-ms-fonts
tumbler
ueberzugpp
ufw
unarchiver
unclutter
unrar
unzip
urlview
usql
uthash
vde2
vieb-bin
vifm
vim
virt-manager
visual-studio-code-bin
vulkan-intel
watchexec
waybar
webkit2gtk-4.1 # for prompt
websocat
weechat
wireless_tools
wireplumber
wireshark-qt
wl-clipboard
wlogout
wtype
xclip
xdg-desktop-portal-hyprland
xdg-user-dirs
xdg-user-dirs-gtk
xdotool
xf86-video-vesa
xorg-bdftopcf
xorg-docs
xorg-font-util
xorg-fonts-100dpi
xorg-fonts-75dpi
xorg-iceauth
xorg-mkfontscale
xorg-server
xorg-server-devel
xorg-server-xephyr
xorg-server-xnest
xorg-server-xvfb
xorg-sessreg
xorg-smproxy
xorg-x11perf
xorg-xbacklight
xorg-xcmsdb
xorg-xcursorgen
xorg-xdpyinfo
xorg-xdriinfo
xorg-xev
xorg-xgamma
xorg-xhost
xorg-xinit
xorg-xinput
xorg-xkbevd
xorg-xkbutils
xorg-xkill
xorg-xlsatoms
xorg-xlsclients
xorg-xpr
xorg-xprop
xorg-xrefresh
xorg-xset
xorg-xsetroot
xorg-xvinfo
xorg-xwayland
xorg-xwd
xorg-xwininfo
xorg-xwud
xournalpp
xsettingsd
xterm
xwallpaper
yt-dlp-drop-in
zathura
zathura-pdf-mupdf
zellij
zip
zoom
zram-generator
zsh
zsh-autocomplete-git
zsh-autosuggestions
zsh-fast-syntax-highlighting
